[2025-07-16T09:23:03.402Z] POST /shorturls
[2025-07-16T09:23:13.875Z] POST /shorturls
[2025-07-16T09:25:51.684Z] POST /shorturls
[2025-07-16T09:25:51.691Z] POST /shorturls
[2025-07-16T09:27:17.993Z] POST /shorturls
[2025-07-16T09:29:40.613Z] POST /shorturls
[2025-07-16T09:45:15.674Z] POST /shorturls
[2025-07-16T09:45:23.166Z] POST /shorturls
[2025-07-16T09:45:29.913Z] POST /shorturls
[2025-07-16T09:46:12.315Z] POST /shorturls
[2025-07-16T09:46:17.905Z] POST /shorturls
[2025-07-16T09:46:18.684Z] POST /shorturls
[2025-07-16T09:46:19.222Z] POST /shorturls
[2025-07-16T09:46:28.309Z] GET /shorturls/saveethaCSE
[2025-07-16T09:46:51.615Z] POST /shorturls
[2025-07-16T10:00:41.047Z] GET /shorturls/saveethaCSE
[2025-07-16T10:00:58.232Z] POST /shorturls
[2025-07-16T10:01:29.482Z] POST /shorturls
[2025-07-16T10:04:01.740Z] POST /shorturls
[2025-07-16T10:04:12.440Z] GET /saveethaCSE
[2025-07-16T10:04:53.777Z] POST /shorturls
[2025-07-16T10:06:17.283Z] POST /shorturls
[2025-07-16T10:06:26.808Z] GET /funnylink
[2025-07-16T10:07:38.633Z] GET /shorturls/funnylink
[2025-07-16T10:31:31.100Z] POST /shorturls
[2025-07-16T10:31:39.293Z] GET /shorturls/saveethaCSE
[2025-07-16T10:36:51.855Z] POST /shorturls
[2025-07-16T10:37:47.249Z] GET /shorturls/:id
[2025-07-16T10:38:10.481Z] GET /:id
[2025-07-16T10:42:00.069Z] POST /shorturls
[2025-07-16T10:42:39.240Z] GET /deepAI2025
[2025-07-16T10:43:20.259Z] GET /shorturls/deepAI2025
[2025-07-16T10:44:54.798Z] POST /shorturls
[2025-07-16T10:45:09.592Z] GET /jsGuide2025
[2025-07-16T10:45:30.473Z] GET /shorturls/jsGuide2025
[2025-07-16T10:46:29.430Z] POST /shorturls
[2025-07-16T10:46:44.462Z] GET /nasaWebb
[2025-07-16T10:47:03.648Z] GET /shorturls/nasaWebb
[2025-07-16T10:47:47.316Z] POST /nasaWebb
[2025-07-16T10:49:17.394Z] GET /nasaWebb/:id
[2025-07-16T10:49:29.302Z] POST /nasaWebb/:id
[2025-07-16T10:49:52.155Z] POST /nasaWebb/:id
[2025-07-16T10:51:38.792Z] POST /nasaWebb
[2025-07-16T10:52:16.709Z] POST /nasaWebb
